<?xml version="1.0" encoding="UTF-8"?>
<!-- Generated by org.testng.reporters.JUnitXMLReporter -->
<testsuite ignored="0" hostname="HAU" failures="0" tests="3" name="Default test" time="31.802" errors="0" timestamp="2021-10-12T20:19:23 ICT">
  <testcase classname="com.selenium.tests.LoginTest" name="checkoutTest" time="16.835"/>
  <testcase classname="com.selenium.tests.LoginTest" name="loginErrorTest" time="2.519"/>
  <testcase classname="com.selenium.tests.LoginTest" name="loginSuceesTest" time="4.434"/>
</testsuite> <!-- Default test -->
