<?xml version="1.0" encoding="UTF-8"?>
<testng-results ignored="0" total="3" passed="3" failed="0" skipped="0">
  <reporter-output>
  </reporter-output>
  <suite started-at="2021-10-12T20:18:51 ICT" name="Default suite" finished-at="2021-10-12T20:19:23 ICT" duration-ms="31802">
    <groups>
    </groups>
    <test started-at="2021-10-12T20:18:51 ICT" name="Default test" finished-at="2021-10-12T20:19:23 ICT" duration-ms="31802">
      <class name="com.selenium.tests.LoginTest">
        <test-method is-config="true" signature="setUp()[pri:0, instance:com.selenium.tests.LoginTest@625732]" started-at="2021-10-12T20:18:51 ICT" name="setUp" finished-at="2021-10-12T20:18:57 ICT" duration-ms="5746" status="PASS">
          <reporter-output>
          </reporter-output>
        </test-method> <!-- setUp -->
        <test-method is-config="true" signature="beforeMethod()[pri:0, instance:com.selenium.tests.LoginTest@625732]" started-at="2021-10-12T20:18:57 ICT" name="beforeMethod" finished-at="2021-10-12T20:18:57 ICT" duration-ms="107" status="PASS">
          <reporter-output>
          </reporter-output>
        </test-method> <!-- beforeMethod -->
        <test-method signature="checkoutTest()[pri:0, instance:com.selenium.tests.LoginTest@625732]" started-at="2021-10-12T20:18:57 ICT" name="checkoutTest" finished-at="2021-10-12T20:19:14 ICT" duration-ms="16835" status="PASS">
          <reporter-output>
          </reporter-output>
        </test-method> <!-- checkoutTest -->
        <test-method is-config="true" signature="afterMethod()[pri:0, instance:com.selenium.tests.LoginTest@625732]" started-at="2021-10-12T20:19:14 ICT" name="afterMethod" finished-at="2021-10-12T20:19:14 ICT" duration-ms="0" status="PASS">
          <reporter-output>
          </reporter-output>
        </test-method> <!-- afterMethod -->
        <test-method is-config="true" signature="beforeMethod()[pri:0, instance:com.selenium.tests.LoginTest@625732]" started-at="2021-10-12T20:19:14 ICT" name="beforeMethod" finished-at="2021-10-12T20:19:16 ICT" duration-ms="1799" status="PASS">
          <reporter-output>
          </reporter-output>
        </test-method> <!-- beforeMethod -->
        <test-method signature="loginErrorTest()[pri:0, instance:com.selenium.tests.LoginTest@625732]" started-at="2021-10-12T20:19:16 ICT" name="loginErrorTest" finished-at="2021-10-12T20:19:18 ICT" duration-ms="2519" status="PASS">
          <reporter-output>
          </reporter-output>
        </test-method> <!-- loginErrorTest -->
        <test-method is-config="true" signature="afterMethod()[pri:0, instance:com.selenium.tests.LoginTest@625732]" started-at="2021-10-12T20:19:18 ICT" name="afterMethod" finished-at="2021-10-12T20:19:18 ICT" duration-ms="1" status="PASS">
          <reporter-output>
          </reporter-output>
        </test-method> <!-- afterMethod -->
        <test-method is-config="true" signature="beforeMethod()[pri:0, instance:com.selenium.tests.LoginTest@625732]" started-at="2021-10-12T20:19:18 ICT" name="beforeMethod" finished-at="2021-10-12T20:19:19 ICT" duration-ms="258" status="PASS">
          <reporter-output>
          </reporter-output>
        </test-method> <!-- beforeMethod -->
        <test-method signature="loginSuceesTest()[pri:0, instance:com.selenium.tests.LoginTest@625732]" started-at="2021-10-12T20:19:19 ICT" name="loginSuceesTest" finished-at="2021-10-12T20:19:23 ICT" duration-ms="4434" status="PASS">
          <reporter-output>
          </reporter-output>
        </test-method> <!-- loginSuceesTest -->
        <test-method is-config="true" signature="afterMethod()[pri:0, instance:com.selenium.tests.LoginTest@625732]" started-at="2021-10-12T20:19:23 ICT" name="afterMethod" finished-at="2021-10-12T20:19:23 ICT" duration-ms="0" status="PASS">
          <reporter-output>
          </reporter-output>
        </test-method> <!-- afterMethod -->
        <test-method is-config="true" signature="tearDown()[pri:0, instance:com.selenium.tests.LoginTest@625732]" started-at="2021-10-12T20:19:23 ICT" name="tearDown" finished-at="2021-10-12T20:19:23 ICT" duration-ms="0" status="PASS">
          <reporter-output>
          </reporter-output>
        </test-method> <!-- tearDown -->
      </class> <!-- com.selenium.tests.LoginTest -->
    </test> <!-- Default test -->
  </suite> <!-- Default suite -->
</testng-results>
